<?xml version="1.0" encoding="UTF-8"?>
<!-- Generated by org.testng.reporters.JUnitXMLReporter -->
<testsuite ignored="0" hostname="Rizwan" failures="0" tests="6" name="Default test" time="2.534" errors="0" timestamp="2023-02-05T03:57:52 IST">
  <testcase classname="DynamicJson" name="addBook" time="1.827"/>
  <testcase classname="DynamicJson" name="addBook" time="0.131"/>
  <testcase classname="DynamicJson" name="addBook" time="0.132"/>
  <testcase classname="DynamicJson" name="deleteBook" time="0.141"/>
  <testcase classname="DynamicJson" name="deleteBook" time="0.122"/>
  <testcase classname="DynamicJson" name="deleteBook" time="0.116"/>
</testsuite> <!-- Default test -->
