<?xml version="1.0" encoding="UTF-8"?>
<testng-results ignored="0" total="6" passed="6" failed="0" skipped="0">
  <reporter-output>
  </reporter-output>
  <suite started-at="2023-02-05T03:57:49 IST" name="Default suite" finished-at="2023-02-05T03:57:52 IST" duration-ms="2534">
    <groups>
    </groups>
    <test started-at="2023-02-05T03:57:49 IST" name="Default test" finished-at="2023-02-05T03:57:52 IST" duration-ms="2534">
      <class name="DynamicJson">
        <test-method signature="addBook(java.lang.String,java.lang.String,java.lang.String,java.lang.String)[pri:0, instance:DynamicJson@5fbdfdcf]" started-at="2023-02-05T03:57:49 IST" name="addBook" data-provider="bookData" finished-at="2023-02-05T03:57:51 IST" duration-ms="1827" status="PASS">
          <params>
            <param index="0">
              <value>
                <![CDATA[bigboss1]]>
              </value>
            </param>
            <param index="1">
              <value>
                <![CDATA[bigboss1]]>
              </value>
            </param>
            <param index="2">
              <value>
                <![CDATA[0001]]>
              </value>
            </param>
            <param index="3">
              <value>
                <![CDATA[iamriz007]]>
              </value>
            </param>
          </params>
          <reporter-output>
          </reporter-output>
        </test-method> <!-- addBook -->
        <test-method signature="addBook(java.lang.String,java.lang.String,java.lang.String,java.lang.String)[pri:0, instance:DynamicJson@5fbdfdcf]" started-at="2023-02-05T03:57:51 IST" name="addBook" data-provider="bookData" finished-at="2023-02-05T03:57:51 IST" duration-ms="131" status="PASS">
          <params>
            <param index="0">
              <value>
                <![CDATA[bigboss2]]>
              </value>
            </param>
            <param index="1">
              <value>
                <![CDATA[bigboss2]]>
              </value>
            </param>
            <param index="2">
              <value>
                <![CDATA[0002]]>
              </value>
            </param>
            <param index="3">
              <value>
                <![CDATA[iamriz007]]>
              </value>
            </param>
          </params>
          <reporter-output>
          </reporter-output>
        </test-method> <!-- addBook -->
        <test-method signature="addBook(java.lang.String,java.lang.String,java.lang.String,java.lang.String)[pri:0, instance:DynamicJson@5fbdfdcf]" started-at="2023-02-05T03:57:51 IST" name="addBook" data-provider="bookData" finished-at="2023-02-05T03:57:51 IST" duration-ms="132" status="PASS">
          <params>
            <param index="0">
              <value>
                <![CDATA[bigboss3]]>
              </value>
            </param>
            <param index="1">
              <value>
                <![CDATA[bigboss3]]>
              </value>
            </param>
            <param index="2">
              <value>
                <![CDATA[0003]]>
              </value>
            </param>
            <param index="3">
              <value>
                <![CDATA[iamriz007]]>
              </value>
            </param>
          </params>
          <reporter-output>
          </reporter-output>
        </test-method> <!-- addBook -->
        <test-method signature="deleteBook(java.lang.String,java.lang.String,java.lang.String,java.lang.String)[pri:0, instance:DynamicJson@5fbdfdcf]" started-at="2023-02-05T03:57:51 IST" name="deleteBook" data-provider="bookData" finished-at="2023-02-05T03:57:51 IST" depends-on-methods="DynamicJson.addBook" duration-ms="141" status="PASS">
          <params>
            <param index="0">
              <value>
                <![CDATA[bigboss1]]>
              </value>
            </param>
            <param index="1">
              <value>
                <![CDATA[bigboss1]]>
              </value>
            </param>
            <param index="2">
              <value>
                <![CDATA[0001]]>
              </value>
            </param>
            <param index="3">
              <value>
                <![CDATA[iamriz007]]>
              </value>
            </param>
          </params>
          <reporter-output>
          </reporter-output>
        </test-method> <!-- deleteBook -->
        <test-method signature="deleteBook(java.lang.String,java.lang.String,java.lang.String,java.lang.String)[pri:0, instance:DynamicJson@5fbdfdcf]" started-at="2023-02-05T03:57:51 IST" name="deleteBook" data-provider="bookData" finished-at="2023-02-05T03:57:51 IST" depends-on-methods="DynamicJson.addBook" duration-ms="122" status="PASS">
          <params>
            <param index="0">
              <value>
                <![CDATA[bigboss2]]>
              </value>
            </param>
            <param index="1">
              <value>
                <![CDATA[bigboss2]]>
              </value>
            </param>
            <param index="2">
              <value>
                <![CDATA[0002]]>
              </value>
            </param>
            <param index="3">
              <value>
                <![CDATA[iamriz007]]>
              </value>
            </param>
          </params>
          <reporter-output>
          </reporter-output>
        </test-method> <!-- deleteBook -->
        <test-method signature="deleteBook(java.lang.String,java.lang.String,java.lang.String,java.lang.String)[pri:0, instance:DynamicJson@5fbdfdcf]" started-at="2023-02-05T03:57:51 IST" name="deleteBook" data-provider="bookData" finished-at="2023-02-05T03:57:52 IST" depends-on-methods="DynamicJson.addBook" duration-ms="116" status="PASS">
          <params>
            <param index="0">
              <value>
                <![CDATA[bigboss3]]>
              </value>
            </param>
            <param index="1">
              <value>
                <![CDATA[bigboss3]]>
              </value>
            </param>
            <param index="2">
              <value>
                <![CDATA[0003]]>
              </value>
            </param>
            <param index="3">
              <value>
                <![CDATA[iamriz007]]>
              </value>
            </param>
          </params>
          <reporter-output>
          </reporter-output>
        </test-method> <!-- deleteBook -->
      </class> <!-- DynamicJson -->
    </test> <!-- Default test -->
  </suite> <!-- Default suite -->
</testng-results>
